<?xml version="1.0" encoding="UTF-8"?>
<!-- Generated by org.testng.reporters.JUnitReportReporter -->
<testsuite hostname="DESKTOP-9VHJMT7" failures="0" tests="7" name="Pages.TestShoppingSpree" time="33.315" errors="0" timestamp="2023-11-15T19:19:28 EST" skipped="0">
  <testcase classname="Pages.TestShoppingSpree" name="hover" time="3.757"/>
  <system-out/>
  <testcase classname="Pages.TestShoppingSpree" name="choosecell" time="5.837"/>
  <system-out/>
  <testcase classname="Pages.TestShoppingSpree" name="gotocheckout" time="3.610"/>
  <system-out/>
  <testcase classname="Pages.TestShoppingSpree" name="coguest" time="0.567"/>
  <system-out/>
  <testcase classname="Pages.TestShoppingSpree" name="writeinfo" time="0.314"/>
  <system-out/>
  <testcase classname="Pages.TestShoppingSpree" name="continue1" time="18.985"/>
  <system-out/>
  <testcase classname="Pages.TestShoppingSpree" name="goback" time="0.245"/>
  <system-out/>
</testsuite> <!-- Pages.TestShoppingSpree -->
