<?xml version="1.0" encoding="UTF-8"?>
<!-- Generated by org.testng.reporters.JUnitReportReporter -->
<testsuite hostname="DESKTOP-9VHJMT7" failures="0" tests="1" name="TestPages.dataProviderMySqlTest" time="0.000" errors="0" timestamp="2023-11-13T20:56:03 EST" skipped="1">
  <testcase classname="TestPages.dataProviderMySqlTest" name="setUpTest" time="0.000">
    <skipped/>
  </testcase> <!-- setUpTest -->
  <system-out/>
</testsuite> <!-- TestPages.dataProviderMySqlTest -->
